<?xml version="1.0" encoding="UTF-8"?>
<!-- Generated by org.testng.reporters.JUnitReportReporter -->
<testsuite hostname="KCs-Life" failures="0" tests="1" name="testcases.BankManagerLoginTest" time="1.455" errors="0" timestamp="2024-06-19T00:50:27 BST" skipped="0">
  <testcase classname="testcases.BankManagerLoginTest" name="loginAsBankManager" time="1.455">
    <system-out>
      <![CDATA[Screenshot Evidence
<br>
<a href=Wed_Jun_19_00_50_01_BST_2024.jpg  target="_blank" >Screenshot</a>]]>
    </system-out>
  </testcase> <!-- loginAsBankManager -->
  <system-out>
    <![CDATA[Screenshot Evidence
<br>
<a href=Wed_Jun_19_00_50_01_BST_2024.jpg  target="_blank" >Screenshot</a>
Screenshot Evidence
<br>
<a href=Wed_Jun_19_00_50_02_BST_2024.jpg  target="_blank" >Screenshot</a>
Screenshot Evidence
<br>
<a href=Wed_Jun_19_00_50_03_BST_2024.jpg  target="_blank" >Screenshot</a>
Screenshot Evidence
<br>
<a href=Wed_Jun_19_00_50_03_BST_2024.jpg  target="_blank" >Screenshot</a>
Screenshot Evidence
<br>
<a href=Wed_Jun_19_00_50_03_BST_2024.jpg  target="_blank" >Screenshot</a>
Screenshot Evidence
<br>
<a href=Wed_Jun_19_00_50_04_BST_2024.jpg  target="_blank" >Screenshot</a>
Screenshot Evidence
<br>
<a href=Wed_Jun_19_00_50_05_BST_2024.jpg  target="_blank" >Screenshot</a>
Screenshot Evidence
<br>
<a href=Wed_Jun_19_00_50_06_BST_2024.jpg  target="_blank" >Screenshot</a>
Screenshot Evidence
<br>
<a href=Wed_Jun_19_00_50_16_BST_2024.jpg  target="_blank" >Screenshot</a>]]>
  </system-out>
</testsuite> <!-- testcases.BankManagerLoginTest -->
