<?xml version="1.0" encoding="UTF-8"?>
<!-- Generated by org.testng.reporters.JUnitReportReporter -->
<testsuite hostname="KCs-Life" failures="0" tests="1" name="testcases.customerLoginTest" time="0.945" errors="0" timestamp="2024-06-20T22:10:47 BST" skipped="0">
  <testcase classname="testcases.customerLoginTest" name="NavigateToHomeScreenTest" time="0.945"/>
</testsuite> <!-- testcases.customerLoginTest -->
