<?xml version="1.0" encoding="UTF-8"?>
<!-- Generated by org.testng.reporters.JUnitReportReporter -->
<testsuite hostname="KCs-Life" failures="0" tests="4" name="testcases.addNewCustomerTest" time="1.536" errors="0" timestamp="2024-06-19T00:50:27 BST" skipped="0">
  <testcase classname="testcases.addNewCustomerTest" name="AddNewCustomerTest" time="0.248">
    <system-out>
      <![CDATA[Screenshot Evidence
<br>
<a href=Wed_Jun_19_00_50_03_BST_2024.jpg  target="_blank" >Screenshot</a>]]>
    </system-out>
  </testcase> <!-- AddNewCustomerTest -->
  <testcase classname="testcases.addNewCustomerTest" name="AddNewCustomerTest" time="0.794">
    <system-out>
      <![CDATA[Screenshot Evidence
<br>
<a href=Wed_Jun_19_00_50_02_BST_2024.jpg  target="_blank" >Screenshot</a>]]>
    </system-out>
  </testcase> <!-- AddNewCustomerTest -->
  <testcase classname="testcases.addNewCustomerTest" name="AddNewCustomerTest" time="0.234">
    <system-out>
      <![CDATA[Screenshot Evidence
<br>
<a href=Wed_Jun_19_00_50_03_BST_2024.jpg  target="_blank" >Screenshot</a>]]>
    </system-out>
  </testcase> <!-- AddNewCustomerTest -->
  <testcase classname="testcases.addNewCustomerTest" name="AddNewCustomerTest" time="0.260">
    <system-out>
      <![CDATA[Screenshot Evidence
<br>
<a href=Wed_Jun_19_00_50_03_BST_2024.jpg  target="_blank" >Screenshot</a>]]>
    </system-out>
  </testcase> <!-- AddNewCustomerTest -->
  <system-out>
    <![CDATA[Screenshot Evidence
<br>
<a href=Wed_Jun_19_00_50_01_BST_2024.jpg  target="_blank" >Screenshot</a>
Screenshot Evidence
<br>
<a href=Wed_Jun_19_00_50_02_BST_2024.jpg  target="_blank" >Screenshot</a>
Screenshot Evidence
<br>
<a href=Wed_Jun_19_00_50_03_BST_2024.jpg  target="_blank" >Screenshot</a>
Screenshot Evidence
<br>
<a href=Wed_Jun_19_00_50_03_BST_2024.jpg  target="_blank" >Screenshot</a>
Screenshot Evidence
<br>
<a href=Wed_Jun_19_00_50_03_BST_2024.jpg  target="_blank" >Screenshot</a>
Screenshot Evidence
<br>
<a href=Wed_Jun_19_00_50_04_BST_2024.jpg  target="_blank" >Screenshot</a>
Screenshot Evidence
<br>
<a href=Wed_Jun_19_00_50_05_BST_2024.jpg  target="_blank" >Screenshot</a>
Screenshot Evidence
<br>
<a href=Wed_Jun_19_00_50_06_BST_2024.jpg  target="_blank" >Screenshot</a>
Screenshot Evidence
<br>
<a href=Wed_Jun_19_00_50_16_BST_2024.jpg  target="_blank" >Screenshot</a>]]>
  </system-out>
</testsuite> <!-- testcases.addNewCustomerTest -->
