<?xml version="1.0" encoding="UTF-8"?>
<!-- Generated by org.testng.reporters.JUnitReportReporter -->
<testsuite hostname="KCs-Life" failures="0" tests="1" name="testcases.LoginTest" time="6.837" errors="0" timestamp="2024-06-10T20:34:26 BST" skipped="0">
  <testcase classname="testcases.LoginTest" name="loginAsBankManager" time="6.837"/>
</testsuite> <!-- testcases.LoginTest -->
