<?xml version="1.0" encoding="UTF-8"?>
<!-- Generated by org.testng.reporters.JUnitReportReporter -->
<testsuite hostname="KCs-Life" failures="0" tests="4" name="testcases.addNewCustomerTest" time="1.330" errors="0" timestamp="2024-07-02T19:39:01 BST" skipped="1">
  <testcase classname="testcases.addNewCustomerTest" name="AddNewCustomerTest" time="0.245">
    <system-out>
      <![CDATA[Screenshot Evidence
<br>
<a href=Tue_Jul_02_19_38_49_BST_2024.jpg  target="_blank" >Screenshot</a>]]>
    </system-out>
  </testcase> <!-- AddNewCustomerTest -->
  <testcase classname="testcases.addNewCustomerTest" name="AddNewCustomerTest" time="0.001">
    <skipped/>
  </testcase> <!-- AddNewCustomerTest -->
  <testcase classname="testcases.addNewCustomerTest" name="AddNewCustomerTest" time="0.845">
    <system-out>
      <![CDATA[Screenshot Evidence
<br>
<a href=Tue_Jul_02_19_38_48_BST_2024.jpg  target="_blank" >Screenshot</a>]]>
    </system-out>
  </testcase> <!-- AddNewCustomerTest -->
  <testcase classname="testcases.addNewCustomerTest" name="AddNewCustomerTest" time="0.239">
    <system-out>
      <![CDATA[Screenshot Evidence
<br>
<a href=Tue_Jul_02_19_38_48_BST_2024.jpg  target="_blank" >Screenshot</a>]]>
    </system-out>
  </testcase> <!-- AddNewCustomerTest -->
  <system-out>
    <![CDATA[Screenshot Evidence
<br>
<a href=Tue_Jul_02_19_38_47_BST_2024.jpg  target="_blank" >Screenshot</a>
Screenshot Evidence
<br>
<a href=Tue_Jul_02_19_38_48_BST_2024.jpg  target="_blank" >Screenshot</a>
Screenshot Evidence
<br>
<a href=Tue_Jul_02_19_38_48_BST_2024.jpg  target="_blank" >Screenshot</a>
Screenshot Evidence
<br>
<a href=Tue_Jul_02_19_38_49_BST_2024.jpg  target="_blank" >Screenshot</a>
Screenshot Evidence
<br>
<a href=Tue_Jul_02_19_38_50_BST_2024.jpg  target="_blank" >Screenshot</a>
Screenshot Evidence
<br>
<a href=Tue_Jul_02_19_38_50_BST_2024.jpg  target="_blank" >Screenshot</a>
Screenshot Evidence
<br>
<a href=Tue_Jul_02_19_38_51_BST_2024.jpg  target="_blank" >Screenshot</a>
Screenshot Evidence
<br>
<a href=Tue_Jul_02_19_38_51_BST_2024.jpg  target="_blank" >Screenshot</a>
Screenshot Evidence
<br>
<a href=Tue_Jul_02_19_38_55_BST_2024.jpg  target="_blank" >Screenshot</a>
Screenshot Evidence
<br>
<a href=Tue_Jul_02_19_38_58_BST_2024.jpg  target="_blank" >Screenshot</a>
Screenshot Evidence
<br>
<a href=Tue_Jul_02_19_39_00_BST_2024.jpg  target="_blank" >Screenshot</a>
Screenshot Evidence
<br>
<a href=Tue_Jul_02_19_39_01_BST_2024.jpg  target="_blank" >Screenshot</a>]]>
  </system-out>
</testsuite> <!-- testcases.addNewCustomerTest -->
