<?xml version="1.0" encoding="UTF-8"?>
<!-- Generated by org.testng.reporters.JUnitReportReporter -->
<testsuite hostname="KCs-Life" failures="0" tests="2" name="testcases.ValidateCustomerEntryTest" time="0.980" errors="0" timestamp="2024-07-03T01:43:12 BST" skipped="0">
  <testcase classname="testcases.ValidateCustomerEntryTest" name="searchBoxWorkingTest" time="0.108">
    <system-out>
      <![CDATA[Screenshot Evidence
<br>
<a href=Wed_Jul_03_01_43_00_BST_2024.jpg  target="_blank" >Screenshot</a>]]>
    </system-out>
  </testcase> <!-- searchBoxWorkingTest -->
  <testcase classname="testcases.ValidateCustomerEntryTest" name="customerEnteredExistanceTest" time="0.872">
    <system-out>
      <![CDATA[Screenshot Evidence
<br>
<a href=Wed_Jul_03_01_43_00_BST_2024.jpg  target="_blank" >Screenshot</a>]]>
    </system-out>
  </testcase> <!-- customerEnteredExistanceTest -->
  <system-out>
    <![CDATA[Screenshot Evidence
<br>
<a href=Wed_Jul_03_01_42_56_BST_2024.jpg  target="_blank" >Screenshot</a>
Screenshot Evidence
<br>
<a href=Wed_Jul_03_01_42_57_BST_2024.jpg  target="_blank" >Screenshot</a>
Screenshot Evidence
<br>
<a href=Wed_Jul_03_01_42_57_BST_2024.jpg  target="_blank" >Screenshot</a>
Screenshot Evidence
<br>
<a href=Wed_Jul_03_01_42_58_BST_2024.jpg  target="_blank" >Screenshot</a>
Screenshot Evidence
<br>
<a href=Wed_Jul_03_01_42_59_BST_2024.jpg  target="_blank" >Screenshot</a>
Screenshot Evidence
<br>
<a href=Wed_Jul_03_01_43_00_BST_2024.jpg  target="_blank" >Screenshot</a>
Screenshot Evidence
<br>
<a href=Wed_Jul_03_01_43_00_BST_2024.jpg  target="_blank" >Screenshot</a>
Screenshot Evidence
<br>
<a href=Wed_Jul_03_01_43_00_BST_2024.jpg  target="_blank" >Screenshot</a>
Screenshot Evidence
<br>
<a href=Wed_Jul_03_01_43_04_BST_2024.jpg  target="_blank" >Screenshot</a>
Screenshot Evidence
<br>
<a href=Wed_Jul_03_01_43_07_BST_2024.jpg  target="_blank" >Screenshot</a>
Screenshot Evidence
<br>
<a href=Wed_Jul_03_01_43_09_BST_2024.jpg  target="_blank" >Screenshot</a>
Screenshot Evidence
<br>
<a href=Wed_Jul_03_01_43_10_BST_2024.jpg  target="_blank" >Screenshot</a>
Screenshot Evidence
<br>
<a href=Wed_Jul_03_01_43_11_BST_2024.jpg  target="_blank" >Screenshot</a>]]>
  </system-out>
</testsuite> <!-- testcases.ValidateCustomerEntryTest -->
