<?xml version="1.0" encoding="UTF-8"?>
<!-- Generated by org.testng.reporters.JUnitReportReporter -->
<testsuite hostname="KCs-Life" failures="0" tests="3" name="testcases.customerLoginTest" time="6.733" errors="0" timestamp="2024-07-05T01:03:02 BST" skipped="0">
  <testcase classname="testcases.customerLoginTest" name="custLoginTest" time="3.642">
    <system-out>
      <![CDATA[Screenshot Evidence
<br>
<a href=Fri_Jul_05_01_02_37_BST_2024.jpg  target="_blank" >Screenshot</a>]]>
    </system-out>
  </testcase> <!-- custLoginTest -->
  <testcase classname="testcases.customerLoginTest" name="NavigateToHomeScreenTest" time="0.068">
    <system-out>
      <![CDATA[Screenshot Evidence
<br>
<a href=Fri_Jul_05_01_02_33_BST_2024.jpg  target="_blank" >Screenshot</a>]]>
    </system-out>
  </testcase> <!-- NavigateToHomeScreenTest -->
  <testcase classname="testcases.customerLoginTest" name="successfulCustomerLoginTest" time="3.023">
    <system-out>
      <![CDATA[Screenshot Evidence
<br>
<a href=Fri_Jul_05_01_02_40_BST_2024.jpg  target="_blank" >Screenshot</a>]]>
    </system-out>
  </testcase> <!-- successfulCustomerLoginTest -->
  <system-out>
    <![CDATA[Screenshot Evidence
<br>
<a href=Fri_Jul_05_01_02_29_BST_2024.jpg  target="_blank" >Screenshot</a>
Screenshot Evidence
<br>
<a href=Fri_Jul_05_01_02_30_BST_2024.jpg  target="_blank" >Screenshot</a>
Screenshot Evidence
<br>
<a href=Fri_Jul_05_01_02_30_BST_2024.jpg  target="_blank" >Screenshot</a>
Screenshot Evidence
<br>
<a href=Fri_Jul_05_01_02_31_BST_2024.jpg  target="_blank" >Screenshot</a>
Screenshot Evidence
<br>
<a href=Fri_Jul_05_01_02_31_BST_2024.jpg  target="_blank" >Screenshot</a>
Screenshot Evidence
<br>
<a href=Fri_Jul_05_01_02_32_BST_2024.jpg  target="_blank" >Screenshot</a>
Screenshot Evidence
<br>
<a href=Fri_Jul_05_01_02_33_BST_2024.jpg  target="_blank" >Screenshot</a>
Screenshot Evidence
<br>
<a href=Fri_Jul_05_01_02_33_BST_2024.jpg  target="_blank" >Screenshot</a>
Screenshot Evidence
<br>
<a href=Fri_Jul_05_01_02_33_BST_2024.jpg  target="_blank" >Screenshot</a>
Screenshot Evidence
<br>
<a href=Fri_Jul_05_01_02_37_BST_2024.jpg  target="_blank" >Screenshot</a>
Screenshot Evidence
<br>
<a href=Fri_Jul_05_01_02_40_BST_2024.jpg  target="_blank" >Screenshot</a>
Screenshot Evidence
<br>
<a href=Fri_Jul_05_01_02_42_BST_2024.jpg  target="_blank" >Screenshot</a>
Screenshot Evidence
<br>
<a href=Fri_Jul_05_01_02_43_BST_2024.jpg  target="_blank" >Screenshot</a>
Screenshot Evidence
<br>
<a href=Fri_Jul_05_01_02_44_BST_2024.jpg  target="_blank" >Screenshot</a>
Screenshot Evidence
<br>
<a href=Fri_Jul_05_01_02_44_BST_2024.jpg  target="_blank" >Screenshot</a>
Screenshot Evidence
<br>
<a href=Fri_Jul_05_01_02_44_BST_2024.jpg  target="_blank" >Screenshot</a>
Screenshot Evidence
<br>
<a href=Fri_Jul_05_01_02_45_BST_2024.jpg  target="_blank" >Screenshot</a>
Screenshot Evidence
<br>
<a href=Fri_Jul_05_01_02_45_BST_2024.jpg  target="_blank" >Screenshot</a>
Screenshot Evidence
<br>
<a href=Fri_Jul_05_01_02_45_BST_2024.jpg  target="_blank" >Screenshot</a>
Screenshot Evidence
<br>
<a href=Fri_Jul_05_01_03_01_BST_2024.jpg  target="_blank" >Screenshot</a>
Screenshot Evidence
<br>
<a href=Fri_Jul_05_01_03_01_BST_2024.jpg  target="_blank" >Screenshot</a>
Screenshot Evidence
<br>
<a href=Fri_Jul_05_01_03_01_BST_2024.jpg  target="_blank" >Screenshot</a>
Screenshot Evidence
<br>
<a href=Fri_Jul_05_01_03_02_BST_2024.jpg  target="_blank" >Screenshot</a>]]>
  </system-out>
</testsuite> <!-- testcases.customerLoginTest -->
