<?xml version="1.0" encoding="UTF-8"?>
<!-- Generated by org.testng.reporters.JUnitReportReporter -->
<testsuite hostname="KCs-Life" failures="0" tests="2" name="testcases.ValidateCustomerEntryTest" time="0.906" errors="0" timestamp="2024-07-05T01:03:02 BST" skipped="0">
  <testcase classname="testcases.ValidateCustomerEntryTest" name="searchBoxWorkingTest" time="0.071">
    <system-out>
      <![CDATA[Screenshot Evidence
<br>
<a href=Fri_Jul_05_01_02_33_BST_2024.jpg  target="_blank" >Screenshot</a>]]>
    </system-out>
  </testcase> <!-- searchBoxWorkingTest -->
  <testcase classname="testcases.ValidateCustomerEntryTest" name="customerEnteredExistanceTest" time="0.835">
    <system-out>
      <![CDATA[Screenshot Evidence
<br>
<a href=Fri_Jul_05_01_02_33_BST_2024.jpg  target="_blank" >Screenshot</a>]]>
    </system-out>
  </testcase> <!-- customerEnteredExistanceTest -->
  <system-out>
    <![CDATA[Screenshot Evidence
<br>
<a href=Fri_Jul_05_01_02_29_BST_2024.jpg  target="_blank" >Screenshot</a>
Screenshot Evidence
<br>
<a href=Fri_Jul_05_01_02_30_BST_2024.jpg  target="_blank" >Screenshot</a>
Screenshot Evidence
<br>
<a href=Fri_Jul_05_01_02_30_BST_2024.jpg  target="_blank" >Screenshot</a>
Screenshot Evidence
<br>
<a href=Fri_Jul_05_01_02_31_BST_2024.jpg  target="_blank" >Screenshot</a>
Screenshot Evidence
<br>
<a href=Fri_Jul_05_01_02_31_BST_2024.jpg  target="_blank" >Screenshot</a>
Screenshot Evidence
<br>
<a href=Fri_Jul_05_01_02_32_BST_2024.jpg  target="_blank" >Screenshot</a>
Screenshot Evidence
<br>
<a href=Fri_Jul_05_01_02_33_BST_2024.jpg  target="_blank" >Screenshot</a>
Screenshot Evidence
<br>
<a href=Fri_Jul_05_01_02_33_BST_2024.jpg  target="_blank" >Screenshot</a>
Screenshot Evidence
<br>
<a href=Fri_Jul_05_01_02_33_BST_2024.jpg  target="_blank" >Screenshot</a>
Screenshot Evidence
<br>
<a href=Fri_Jul_05_01_02_37_BST_2024.jpg  target="_blank" >Screenshot</a>
Screenshot Evidence
<br>
<a href=Fri_Jul_05_01_02_40_BST_2024.jpg  target="_blank" >Screenshot</a>
Screenshot Evidence
<br>
<a href=Fri_Jul_05_01_02_42_BST_2024.jpg  target="_blank" >Screenshot</a>
Screenshot Evidence
<br>
<a href=Fri_Jul_05_01_02_43_BST_2024.jpg  target="_blank" >Screenshot</a>
Screenshot Evidence
<br>
<a href=Fri_Jul_05_01_02_44_BST_2024.jpg  target="_blank" >Screenshot</a>
Screenshot Evidence
<br>
<a href=Fri_Jul_05_01_02_44_BST_2024.jpg  target="_blank" >Screenshot</a>
Screenshot Evidence
<br>
<a href=Fri_Jul_05_01_02_44_BST_2024.jpg  target="_blank" >Screenshot</a>
Screenshot Evidence
<br>
<a href=Fri_Jul_05_01_02_45_BST_2024.jpg  target="_blank" >Screenshot</a>
Screenshot Evidence
<br>
<a href=Fri_Jul_05_01_02_45_BST_2024.jpg  target="_blank" >Screenshot</a>
Screenshot Evidence
<br>
<a href=Fri_Jul_05_01_02_45_BST_2024.jpg  target="_blank" >Screenshot</a>
Screenshot Evidence
<br>
<a href=Fri_Jul_05_01_03_01_BST_2024.jpg  target="_blank" >Screenshot</a>
Screenshot Evidence
<br>
<a href=Fri_Jul_05_01_03_01_BST_2024.jpg  target="_blank" >Screenshot</a>
Screenshot Evidence
<br>
<a href=Fri_Jul_05_01_03_01_BST_2024.jpg  target="_blank" >Screenshot</a>
Screenshot Evidence
<br>
<a href=Fri_Jul_05_01_03_02_BST_2024.jpg  target="_blank" >Screenshot</a>]]>
  </system-out>
</testsuite> <!-- testcases.ValidateCustomerEntryTest -->
