<?xml version="1.0" encoding="UTF-8"?>
<!-- Generated by org.testng.reporters.JUnitReportReporter -->
<testsuite hostname="KCs-Life" failures="0" tests="1" name="testcases.openAccountTest" time="0.739" errors="0" timestamp="2024-07-02T19:39:01 BST" skipped="0">
  <testcase classname="testcases.openAccountTest" name="OpenAccountTest" time="0.739">
    <system-out>
      <![CDATA[Screenshot Evidence
<br>
<a href=Tue_Jul_02_19_38_50_BST_2024.jpg  target="_blank" >Screenshot</a>]]>
    </system-out>
  </testcase> <!-- OpenAccountTest -->
  <system-out>
    <![CDATA[Screenshot Evidence
<br>
<a href=Tue_Jul_02_19_38_47_BST_2024.jpg  target="_blank" >Screenshot</a>
Screenshot Evidence
<br>
<a href=Tue_Jul_02_19_38_48_BST_2024.jpg  target="_blank" >Screenshot</a>
Screenshot Evidence
<br>
<a href=Tue_Jul_02_19_38_48_BST_2024.jpg  target="_blank" >Screenshot</a>
Screenshot Evidence
<br>
<a href=Tue_Jul_02_19_38_49_BST_2024.jpg  target="_blank" >Screenshot</a>
Screenshot Evidence
<br>
<a href=Tue_Jul_02_19_38_50_BST_2024.jpg  target="_blank" >Screenshot</a>
Screenshot Evidence
<br>
<a href=Tue_Jul_02_19_38_50_BST_2024.jpg  target="_blank" >Screenshot</a>
Screenshot Evidence
<br>
<a href=Tue_Jul_02_19_38_51_BST_2024.jpg  target="_blank" >Screenshot</a>
Screenshot Evidence
<br>
<a href=Tue_Jul_02_19_38_51_BST_2024.jpg  target="_blank" >Screenshot</a>
Screenshot Evidence
<br>
<a href=Tue_Jul_02_19_38_55_BST_2024.jpg  target="_blank" >Screenshot</a>
Screenshot Evidence
<br>
<a href=Tue_Jul_02_19_38_58_BST_2024.jpg  target="_blank" >Screenshot</a>
Screenshot Evidence
<br>
<a href=Tue_Jul_02_19_39_00_BST_2024.jpg  target="_blank" >Screenshot</a>
Screenshot Evidence
<br>
<a href=Tue_Jul_02_19_39_01_BST_2024.jpg  target="_blank" >Screenshot</a>]]>
  </system-out>
</testsuite> <!-- testcases.openAccountTest -->
