<?xml version="1.0" encoding="UTF-8"?>
<!-- Generated by org.testng.reporters.JUnitReportReporter -->
<testsuite hostname="KCs-Life" failures="0" tests="3" name="testcases.customerLoginTest" time="6.770" errors="0" timestamp="2024-07-04T00:02:31 BST" skipped="0">
  <testcase classname="testcases.customerLoginTest" name="successfulCustomerLoginTest" time="3.033">
    <system-out>
      <![CDATA[Screenshot Evidence
<br>
<a href=Thu_Jul_04_00_02_13_BST_2024.jpg  target="_blank" >Screenshot</a>]]>
    </system-out>
  </testcase> <!-- successfulCustomerLoginTest -->
  <testcase classname="testcases.customerLoginTest" name="NavigateToHomeScreenTest" time="0.061">
    <system-out>
      <![CDATA[Screenshot Evidence
<br>
<a href=Thu_Jul_04_00_02_06_BST_2024.jpg  target="_blank" >Screenshot</a>]]>
    </system-out>
  </testcase> <!-- NavigateToHomeScreenTest -->
  <testcase classname="testcases.customerLoginTest" name="custLoginTest" time="3.676">
    <system-out>
      <![CDATA[Screenshot Evidence
<br>
<a href=Thu_Jul_04_00_02_10_BST_2024.jpg  target="_blank" >Screenshot</a>]]>
    </system-out>
  </testcase> <!-- custLoginTest -->
  <system-out>
    <![CDATA[Screenshot Evidence
<br>
<a href=Thu_Jul_04_00_02_01_BST_2024.jpg  target="_blank" >Screenshot</a>
Screenshot Evidence
<br>
<a href=Thu_Jul_04_00_02_02_BST_2024.jpg  target="_blank" >Screenshot</a>
Screenshot Evidence
<br>
<a href=Thu_Jul_04_00_02_03_BST_2024.jpg  target="_blank" >Screenshot</a>
Screenshot Evidence
<br>
<a href=Thu_Jul_04_00_02_03_BST_2024.jpg  target="_blank" >Screenshot</a>
Screenshot Evidence
<br>
<a href=Thu_Jul_04_00_02_04_BST_2024.jpg  target="_blank" >Screenshot</a>
Screenshot Evidence
<br>
<a href=Thu_Jul_04_00_02_05_BST_2024.jpg  target="_blank" >Screenshot</a>
Screenshot Evidence
<br>
<a href=Thu_Jul_04_00_02_06_BST_2024.jpg  target="_blank" >Screenshot</a>
Screenshot Evidence
<br>
<a href=Thu_Jul_04_00_02_06_BST_2024.jpg  target="_blank" >Screenshot</a>
Screenshot Evidence
<br>
<a href=Thu_Jul_04_00_02_10_BST_2024.jpg  target="_blank" >Screenshot</a>
Screenshot Evidence
<br>
<a href=Thu_Jul_04_00_02_13_BST_2024.jpg  target="_blank" >Screenshot</a>
Screenshot Evidence
<br>
<a href=Thu_Jul_04_00_02_14_BST_2024.jpg  target="_blank" >Screenshot</a>
Screenshot Evidence
<br>
<a href=Thu_Jul_04_00_02_15_BST_2024.jpg  target="_blank" >Screenshot</a>
Screenshot Evidence
<br>
<a href=Thu_Jul_04_00_02_27_BST_2024.jpg  target="_blank" >Screenshot</a>
Screenshot Evidence
<br>
<a href=Thu_Jul_04_00_02_30_BST_2024.jpg  target="_blank" >Screenshot</a>]]>
  </system-out>
</testsuite> <!-- testcases.customerLoginTest -->
