<?xml version="1.0" encoding="UTF-8"?>
<!-- Generated by org.testng.reporters.JUnitReportReporter -->
<testsuite hostname="KCs-Life" failures="0" tests="3" name="testcases.customerLoginTest" time="6.843" errors="0" timestamp="2024-07-03T14:16:41 BST" skipped="0">
  <testcase classname="testcases.customerLoginTest" name="successfulCustomerLoginTest" time="3.030">
    <system-out>
      <![CDATA[Screenshot Evidence
<br>
<a href=Wed_Jul_03_14_16_36_BST_2024.jpg  target="_blank" >Screenshot</a>]]>
    </system-out>
  </testcase> <!-- successfulCustomerLoginTest -->
  <testcase classname="testcases.customerLoginTest" name="NavigateToHomeScreenTest" time="0.074">
    <system-out>
      <![CDATA[Screenshot Evidence
<br>
<a href=Wed_Jul_03_14_16_29_BST_2024.jpg  target="_blank" >Screenshot</a>]]>
    </system-out>
  </testcase> <!-- NavigateToHomeScreenTest -->
  <testcase classname="testcases.customerLoginTest" name="custLoginTest" time="3.739">
    <system-out>
      <![CDATA[Screenshot Evidence
<br>
<a href=Wed_Jul_03_14_16_33_BST_2024.jpg  target="_blank" >Screenshot</a>]]>
    </system-out>
  </testcase> <!-- custLoginTest -->
  <system-out>
    <![CDATA[Screenshot Evidence
<br>
<a href=Wed_Jul_03_14_16_23_BST_2024.jpg  target="_blank" >Screenshot</a>
Screenshot Evidence
<br>
<a href=Wed_Jul_03_14_16_24_BST_2024.jpg  target="_blank" >Screenshot</a>
Screenshot Evidence
<br>
<a href=Wed_Jul_03_14_16_25_BST_2024.jpg  target="_blank" >Screenshot</a>
Screenshot Evidence
<br>
<a href=Wed_Jul_03_14_16_25_BST_2024.jpg  target="_blank" >Screenshot</a>
Screenshot Evidence
<br>
<a href=Wed_Jul_03_14_16_26_BST_2024.jpg  target="_blank" >Screenshot</a>
Screenshot Evidence
<br>
<a href=Wed_Jul_03_14_16_29_BST_2024.jpg  target="_blank" >Screenshot</a>
Screenshot Evidence
<br>
<a href=Wed_Jul_03_14_16_29_BST_2024.jpg  target="_blank" >Screenshot</a>
Screenshot Evidence
<br>
<a href=Wed_Jul_03_14_16_29_BST_2024.jpg  target="_blank" >Screenshot</a>
Screenshot Evidence
<br>
<a href=Wed_Jul_03_14_16_33_BST_2024.jpg  target="_blank" >Screenshot</a>
Screenshot Evidence
<br>
<a href=Wed_Jul_03_14_16_36_BST_2024.jpg  target="_blank" >Screenshot</a>
Screenshot Evidence
<br>
<a href=Wed_Jul_03_14_16_39_BST_2024.jpg  target="_blank" >Screenshot</a>
Screenshot Evidence
<br>
<a href=Wed_Jul_03_14_16_39_BST_2024.jpg  target="_blank" >Screenshot</a>
Screenshot Evidence
<br>
<a href=Wed_Jul_03_14_16_40_BST_2024.jpg  target="_blank" >Screenshot</a>]]>
  </system-out>
</testsuite> <!-- testcases.customerLoginTest -->
