<?xml version="1.0" encoding="UTF-8"?>
<!-- Generated by org.testng.reporters.JUnitReportReporter -->
<testsuite hostname="KCs-Life" failures="0" tests="2" name="testcases.ValidateCustomerEntryTest" time="1.570" errors="0" timestamp="2024-07-04T22:03:56 BST" skipped="0">
  <testcase classname="testcases.ValidateCustomerEntryTest" name="customerEnteredExistanceTest" time="1.450">
    <system-out>
      <![CDATA[Screenshot Evidence
<br>
<a href=Thu_Jul_04_22_03_34_BST_2024.jpg  target="_blank" >Screenshot</a>]]>
    </system-out>
  </testcase> <!-- customerEnteredExistanceTest -->
  <testcase classname="testcases.ValidateCustomerEntryTest" name="searchBoxWorkingTest" time="0.120">
    <system-out>
      <![CDATA[Screenshot Evidence
<br>
<a href=Thu_Jul_04_22_03_34_BST_2024.jpg  target="_blank" >Screenshot</a>]]>
    </system-out>
  </testcase> <!-- searchBoxWorkingTest -->
  <system-out>
    <![CDATA[Screenshot Evidence
<br>
<a href=Thu_Jul_04_22_03_27_BST_2024.jpg  target="_blank" >Screenshot</a>
Screenshot Evidence
<br>
<a href=Thu_Jul_04_22_03_29_BST_2024.jpg  target="_blank" >Screenshot</a>
Screenshot Evidence
<br>
<a href=Thu_Jul_04_22_03_30_BST_2024.jpg  target="_blank" >Screenshot</a>
Screenshot Evidence
<br>
<a href=Thu_Jul_04_22_03_30_BST_2024.jpg  target="_blank" >Screenshot</a>
Screenshot Evidence
<br>
<a href=Thu_Jul_04_22_03_30_BST_2024.jpg  target="_blank" >Screenshot</a>
Screenshot Evidence
<br>
<a href=Thu_Jul_04_22_03_32_BST_2024.jpg  target="_blank" >Screenshot</a>
Screenshot Evidence
<br>
<a href=Thu_Jul_04_22_03_34_BST_2024.jpg  target="_blank" >Screenshot</a>
Screenshot Evidence
<br>
<a href=Thu_Jul_04_22_03_34_BST_2024.jpg  target="_blank" >Screenshot</a>
Screenshot Evidence
<br>
<a href=Thu_Jul_04_22_03_35_BST_2024.jpg  target="_blank" >Screenshot</a>
Screenshot Evidence
<br>
<a href=Thu_Jul_04_22_03_39_BST_2024.jpg  target="_blank" >Screenshot</a>
Screenshot Evidence
<br>
<a href=Thu_Jul_04_22_03_42_BST_2024.jpg  target="_blank" >Screenshot</a>
Screenshot Evidence
<br>
<a href=Thu_Jul_04_22_03_45_BST_2024.jpg  target="_blank" >Screenshot</a>
Screenshot Evidence
<br>
<a href=Thu_Jul_04_22_03_47_BST_2024.jpg  target="_blank" >Screenshot</a>
Screenshot Evidence
<br>
<a href=Thu_Jul_04_22_03_48_BST_2024.jpg  target="_blank" >Screenshot</a>
Screenshot Evidence
<br>
<a href=Thu_Jul_04_22_03_48_BST_2024.jpg  target="_blank" >Screenshot</a>
Screenshot Evidence
<br>
<a href=Thu_Jul_04_22_03_49_BST_2024.jpg  target="_blank" >Screenshot</a>
Screenshot Evidence
<br>
<a href=Thu_Jul_04_22_03_51_BST_2024.jpg  target="_blank" >Screenshot</a>
Screenshot Evidence
<br>
<a href=Thu_Jul_04_22_03_53_BST_2024.jpg  target="_blank" >Screenshot</a>
Screenshot Evidence
<br>
<a href=Thu_Jul_04_22_03_55_BST_2024.jpg  target="_blank" >Screenshot</a>]]>
  </system-out>
</testsuite> <!-- testcases.ValidateCustomerEntryTest -->
