<?xml version="1.0" encoding="UTF-8"?>
<!-- Generated by org.testng.reporters.JUnitReportReporter -->
<testsuite hostname="KCs-Life" failures="0" tests="2" name="testcases.ValidateCustomerEntryTest" time="0.886" errors="0" timestamp="2024-07-02T19:39:01 BST" skipped="0">
  <testcase classname="testcases.ValidateCustomerEntryTest" name="searchBoxWorkingTest" time="0.101">
    <system-out>
      <![CDATA[Screenshot Evidence
<br>
<a href=Tue_Jul_02_19_38_51_BST_2024.jpg  target="_blank" >Screenshot</a>]]>
    </system-out>
  </testcase> <!-- searchBoxWorkingTest -->
  <testcase classname="testcases.ValidateCustomerEntryTest" name="customerEnteredExistanceTest" time="0.785">
    <system-out>
      <![CDATA[Screenshot Evidence
<br>
<a href=Tue_Jul_02_19_38_50_BST_2024.jpg  target="_blank" >Screenshot</a>]]>
    </system-out>
  </testcase> <!-- customerEnteredExistanceTest -->
  <system-out>
    <![CDATA[Screenshot Evidence
<br>
<a href=Tue_Jul_02_19_38_47_BST_2024.jpg  target="_blank" >Screenshot</a>
Screenshot Evidence
<br>
<a href=Tue_Jul_02_19_38_48_BST_2024.jpg  target="_blank" >Screenshot</a>
Screenshot Evidence
<br>
<a href=Tue_Jul_02_19_38_48_BST_2024.jpg  target="_blank" >Screenshot</a>
Screenshot Evidence
<br>
<a href=Tue_Jul_02_19_38_49_BST_2024.jpg  target="_blank" >Screenshot</a>
Screenshot Evidence
<br>
<a href=Tue_Jul_02_19_38_50_BST_2024.jpg  target="_blank" >Screenshot</a>
Screenshot Evidence
<br>
<a href=Tue_Jul_02_19_38_50_BST_2024.jpg  target="_blank" >Screenshot</a>
Screenshot Evidence
<br>
<a href=Tue_Jul_02_19_38_51_BST_2024.jpg  target="_blank" >Screenshot</a>
Screenshot Evidence
<br>
<a href=Tue_Jul_02_19_38_51_BST_2024.jpg  target="_blank" >Screenshot</a>
Screenshot Evidence
<br>
<a href=Tue_Jul_02_19_38_55_BST_2024.jpg  target="_blank" >Screenshot</a>
Screenshot Evidence
<br>
<a href=Tue_Jul_02_19_38_58_BST_2024.jpg  target="_blank" >Screenshot</a>
Screenshot Evidence
<br>
<a href=Tue_Jul_02_19_39_00_BST_2024.jpg  target="_blank" >Screenshot</a>
Screenshot Evidence
<br>
<a href=Tue_Jul_02_19_39_01_BST_2024.jpg  target="_blank" >Screenshot</a>]]>
  </system-out>
</testsuite> <!-- testcases.ValidateCustomerEntryTest -->
